<?xml version="1.0" encoding="UTF-8"?>
<testsuite name="edu.luc.cs271.myhashmap.TestMyHashMap" tests="8" skipped="0" failures="0" errors="0" timestamp="2017-11-22T03:51:52" hostname="MSI" time="0.006">
  <properties/>
  <testcase name="testClear" classname="edu.luc.cs271.myhashmap.TestMyHashMap" time="0.003"/>
  <testcase name="testEmpty" classname="edu.luc.cs271.myhashmap.TestMyHashMap" time="0.0"/>
  <testcase name="testContainsKey" classname="edu.luc.cs271.myhashmap.TestMyHashMap" time="0.0"/>
  <testcase name="testContainsValue" classname="edu.luc.cs271.myhashmap.TestMyHashMap" time="0.0"/>
  <testcase name="testEquals" classname="edu.luc.cs271.myhashmap.TestMyHashMap" time="0.0"/>
  <testcase name="testPutAll" classname="edu.luc.cs271.myhashmap.TestMyHashMap" time="0.001"/>
  <testcase name="testRemove" classname="edu.luc.cs271.myhashmap.TestMyHashMap" time="0.0"/>
  <testcase name="testNonEmpty" classname="edu.luc.cs271.myhashmap.TestMyHashMap" time="0.0"/>
  <system-out><![CDATA[]]></system-out>
  <system-err><![CDATA[]]></system-err>
</testsuite>
